[0m13:41:23.230172 [debug] [MainThread]: Sending event: {'category': 'dbt', 'action': 'invocation', 'label': 'start', 'context': [<snowplow_tracker.self_describing_json.SelfDescribingJson object at 0x000002B5C0784620>, <snowplow_tracker.self_describing_json.SelfDescribingJson object at 0x000002B5C0623320>, <snowplow_tracker.self_describing_json.SelfDescribingJson object at 0x000002B5C0787EF0>]}


============================== 13:41:23.235173 | cf5e766f-7bef-4ff2-8146-92072a10ed70 ==============================
[0m13:41:23.235173 [info ] [MainThread]: Running with dbt=1.7.11
[0m13:41:23.235173 [debug] [MainThread]: running dbt with arguments {'printer_width': '80', 'indirect_selection': 'eager', 'write_json': 'True', 'log_cache_events': 'False', 'partial_parse': 'True', 'cache_selected_only': 'False', 'warn_error': 'None', 'fail_fast': 'False', 'profiles_dir': 'C:\\Users\\phuongna\\.dbt', 'log_path': 'logs', 'version_check': 'True', 'debug': 'False', 'use_colors': 'True', 'use_experimental_parser': 'False', 'no_print': 'None', 'quiet': 'False', 'log_format': 'default', 'static_parser': 'True', 'invocation_command': 'dbt init jaffle_shop', 'introspect': 'True', 'target_path': 'None', 'warn_error_options': 'WarnErrorOptions(include=[], exclude=[])', 'send_anonymous_usage_stats': 'True'}
[0m13:41:23.240177 [debug] [MainThread]: Starter project path: C:\Users\phuongna\AppData\Local\Programs\Python\Python312\Lib\site-packages\dbt\include\starter_project
[0m13:41:23.248482 [info ] [MainThread]: 
Your new dbt project "jaffle_shop" was created!

For more information on how to configure the profiles.yml file,
please consult the dbt documentation here:

  https://docs.getdbt.com/docs/configure-your-profile

One more thing:

Need help? Don't hesitate to reach out to us via GitHub issues or on Slack:

  https://community.getdbt.com/

Happy modeling!

[0m13:41:23.248482 [info ] [MainThread]: Setting up your profile.
[0m13:47:22.303634 [info ] [MainThread]: Profile jaffle_shop written to C:\Users\phuongna\.dbt\profiles.yml using target's profile_template.yml and your supplied values. Run 'dbt debug' to validate the connection.
[0m13:47:22.303634 [debug] [MainThread]: Command `dbt init` succeeded at 13:47:22.303634 after 359.19 seconds
[0m13:47:22.303634 [debug] [MainThread]: Sending event: {'category': 'dbt', 'action': 'invocation', 'label': 'end', 'context': [<snowplow_tracker.self_describing_json.SelfDescribingJson object at 0x000002B5C04A4C20>, <snowplow_tracker.self_describing_json.SelfDescribingJson object at 0x000002B5D9736270>, <snowplow_tracker.self_describing_json.SelfDescribingJson object at 0x000002B5D9232180>]}
[0m13:47:22.303634 [debug] [MainThread]: Flushing usage events
[0m13:47:48.010575 [debug] [MainThread]: Sending event: {'category': 'dbt', 'action': 'invocation', 'label': 'start', 'context': [<snowplow_tracker.self_describing_json.SelfDescribingJson object at 0x0000024EC3E3AC30>, <snowplow_tracker.self_describing_json.SelfDescribingJson object at 0x0000024EC6584C20>, <snowplow_tracker.self_describing_json.SelfDescribingJson object at 0x0000024EC6584B90>]}


============================== 13:47:48.018704 | 9c2cd7ec-13f2-494c-9f4d-98c00eb82d4b ==============================
[0m13:47:48.018704 [info ] [MainThread]: Running with dbt=1.7.11
[0m13:47:48.019705 [debug] [MainThread]: running dbt with arguments {'printer_width': '80', 'indirect_selection': 'eager', 'log_cache_events': 'False', 'write_json': 'True', 'partial_parse': 'True', 'cache_selected_only': 'False', 'warn_error': 'None', 'debug': 'False', 'fail_fast': 'False', 'log_path': 'logs', 'version_check': 'True', 'profiles_dir': 'C:\\Users\\phuongna\\.dbt', 'use_colors': 'True', 'use_experimental_parser': 'False', 'no_print': 'None', 'quiet': 'False', 'log_format': 'default', 'static_parser': 'True', 'warn_error_options': 'WarnErrorOptions(include=[], exclude=[])', 'introspect': 'True', 'target_path': 'None', 'invocation_command': 'dbt debug', 'send_anonymous_usage_stats': 'True'}
[0m13:47:48.020705 [info ] [MainThread]: dbt version: 1.7.11
[0m13:47:48.020705 [info ] [MainThread]: python version: 3.12.2
[0m13:47:48.021744 [info ] [MainThread]: python path: C:\Users\phuongna\AppData\Local\Programs\Python\Python312\python.exe
[0m13:47:48.022749 [info ] [MainThread]: os info: Windows-10-10.0.19044-SP0
[0m13:47:48.901850 [info ] [MainThread]: Using profiles dir at C:\Users\phuongna\.dbt
[0m13:47:48.901850 [info ] [MainThread]: Using profiles.yml file at C:\Users\phuongna\.dbt\profiles.yml
[0m13:47:48.906822 [info ] [MainThread]: Using dbt_project.yml file at G:\DBT\dbt-tutorial\dbt_project.yml
[0m13:47:48.906822 [info ] [MainThread]: adapter type: bigquery
[0m13:47:48.906822 [info ] [MainThread]: adapter version: 1.7.7
[0m13:47:48.906822 [info ] [MainThread]: Configuration:
[0m13:47:48.906822 [info ] [MainThread]:   profiles.yml file [[32mOK found and valid[0m]
[0m13:47:48.906822 [info ] [MainThread]:   dbt_project.yml file [[31mERROR not found[0m]
[0m13:47:48.906822 [info ] [MainThread]: Required dependencies:
[0m13:47:48.911821 [debug] [MainThread]: Executing "git --help"
[0m13:47:48.934241 [debug] [MainThread]: STDOUT: "b"usage: git [-v | --version] [-h | --help] [-C <path>] [-c <name>=<value>]\n           [--exec-path[=<path>]] [--html-path] [--man-path] [--info-path]\n           [-p | --paginate | -P | --no-pager] [--no-replace-objects] [--bare]\n           [--git-dir=<path>] [--work-tree=<path>] [--namespace=<name>]\n           [--config-env=<name>=<envvar>] <command> [<args>]\n\nThese are common Git commands used in various situations:\n\nstart a working area (see also: git help tutorial)\n   clone     Clone a repository into a new directory\n   init      Create an empty Git repository or reinitialize an existing one\n\nwork on the current change (see also: git help everyday)\n   add       Add file contents to the index\n   mv        Move or rename a file, a directory, or a symlink\n   restore   Restore working tree files\n   rm        Remove files from the working tree and from the index\n\nexamine the history and state (see also: git help revisions)\n   bisect    Use binary search to find the commit that introduced a bug\n   diff      Show changes between commits, commit and working tree, etc\n   grep      Print lines matching a pattern\n   log       Show commit logs\n   show      Show various types of objects\n   status    Show the working tree status\n\ngrow, mark and tweak your common history\n   branch    List, create, or delete branches\n   commit    Record changes to the repository\n   merge     Join two or more development histories together\n   rebase    Reapply commits on top of another base tip\n   reset     Reset current HEAD to the specified state\n   switch    Switch branches\n   tag       Create, list, delete or verify a tag object signed with GPG\n\ncollaborate (see also: git help workflows)\n   fetch     Download objects and refs from another repository\n   pull      Fetch from and integrate with another repository or a local branch\n   push      Update remote refs along with associated objects\n\n'git help -a' and 'git help -g' list available subcommands and some\nconcept guides. See 'git help <command>' or 'git help <concept>'\nto read about a specific subcommand or concept.\nSee 'git help git' for an overview of the system.\n""
[0m13:47:48.934241 [debug] [MainThread]: STDERR: "b''"
[0m13:47:48.939242 [info ] [MainThread]:  - git [[32mOK found[0m]

[0m13:47:48.939242 [info ] [MainThread]: Connection:
[0m13:47:48.939242 [info ] [MainThread]:   method: service-account
[0m13:47:48.939242 [info ] [MainThread]:   database: sublime-sunspot-395504
[0m13:47:48.939242 [info ] [MainThread]:   execution_project: sublime-sunspot-395504
[0m13:47:48.939242 [info ] [MainThread]:   schema: dbt-dutt
[0m13:47:48.939242 [info ] [MainThread]:   location: US
[0m13:47:48.939242 [info ] [MainThread]:   priority: interactive
[0m13:47:48.944241 [info ] [MainThread]:   maximum_bytes_billed: None
[0m13:47:48.944241 [info ] [MainThread]:   impersonate_service_account: None
[0m13:47:48.944241 [info ] [MainThread]:   job_retry_deadline_seconds: None
[0m13:47:48.945882 [info ] [MainThread]:   job_retries: 1
[0m13:47:48.945882 [info ] [MainThread]:   job_creation_timeout_seconds: None
[0m13:47:48.946882 [info ] [MainThread]:   job_execution_timeout_seconds: 300
[0m13:47:48.946882 [info ] [MainThread]:   timeout_seconds: 300
[0m13:47:48.947880 [info ] [MainThread]:   client_id: None
[0m13:47:48.948880 [info ] [MainThread]:   token_uri: None
[0m13:47:48.949516 [info ] [MainThread]:   dataproc_region: None
[0m13:47:48.949516 [info ] [MainThread]:   dataproc_cluster_name: None
[0m13:47:48.950190 [info ] [MainThread]:   gcs_bucket: None
[0m13:47:48.951192 [info ] [MainThread]:   dataproc_batch: None
[0m13:47:48.952187 [info ] [MainThread]: Registered adapter: bigquery=1.7.7
[0m13:47:48.952187 [debug] [MainThread]: Acquiring new bigquery connection 'debug'
[0m13:47:48.953210 [debug] [MainThread]: Opening a new connection, currently in state init
[0m13:47:48.953210 [debug] [MainThread]: BigQuery adapter: Got an error when attempting to create a bigquery client: '[Errno 2] No such file or directory: 'a78ff8cfbff8d2f683f9f0a9a66ba4ff957269ee9''
[0m13:47:48.953210 [info ] [MainThread]:   Connection test: [[31mERROR[0m]

[0m13:47:48.953210 [info ] [MainThread]: [31m2 checks failed:[0m
[0m13:47:48.953210 [info ] [MainThread]: Project loading failed for the following reason:
 project path <G:\DBT\dbt-tutorial\dbt_project.yml> not found

[0m13:47:48.953210 [info ] [MainThread]: dbt was unable to connect to the specified database.
The database returned the following error:

  >Database Error
  [Errno 2] No such file or directory: 'a78ff8cfbff8d2f683f9f0a9a66ba4ff957269ee9'

Check your database credentials and try again. For more information, visit:
https://docs.getdbt.com/docs/configure-your-profile


[0m13:47:48.953210 [debug] [MainThread]: Command `dbt debug` failed at 13:47:48.953210 after 1.06 seconds
[0m13:47:48.958211 [debug] [MainThread]: Connection 'debug' was properly closed.
[0m13:47:48.958211 [debug] [MainThread]: Sending event: {'category': 'dbt', 'action': 'invocation', 'label': 'end', 'context': [<snowplow_tracker.self_describing_json.SelfDescribingJson object at 0x0000024EC6584C20>, <snowplow_tracker.self_describing_json.SelfDescribingJson object at 0x0000024EDF44CB00>, <snowplow_tracker.self_describing_json.SelfDescribingJson object at 0x0000024EDF3AE600>]}
[0m13:47:48.958211 [debug] [MainThread]: Flushing usage events
